Sun Nov  7 19:13:22 2021: Hive (C:\Users\ljram\Desktop\reg\Registry\SYSTEM) is dirty.

Sun Nov  7 19:13:22 2021: Log opened.
Sun Nov  7 19:13:22 2021: File: C:\Users\ljram\Desktop\reg\Registry\SYSTEM
Sun Nov  7 19:13:22 2021: Environment set up.
Sun Nov  7 19:13:22 2021: Launching ScanButton v.20131210
Sun Nov  7 19:13:22 2021: Launching appcertdlls v.20200427
Sun Nov  7 19:13:22 2021: Launching appcompatcache v.20200428
Sun Nov  7 19:13:22 2021: Launching backuprestore v.20200517
Sun Nov  7 19:13:22 2021: Launching bam v.20200427
Sun Nov  7 19:13:22 2021: Launching bthenum v.20200515
Sun Nov  7 19:13:22 2021: Launching bthport v.20200517
Sun Nov  7 19:13:22 2021: Launching codepage v.20200519
Sun Nov  7 19:13:22 2021: Launching compname v.20090727
Sun Nov  7 19:13:22 2021: Launching cred v.20200427
Sun Nov  7 19:13:22 2021: Launching dafupnp v.20200525
Sun Nov  7 19:13:22 2021: Launching devclass v.20200525
Sun Nov  7 19:13:22 2021: Launching disablelastaccess v.20200517
Sun Nov  7 19:13:22 2021: Launching disableremotescm v.20200513
Sun Nov  7 19:13:22 2021: Launching environment v.20200512
Sun Nov  7 19:13:22 2021: Launching imagedev v.20140104
Sun Nov  7 19:13:22 2021: Launching ips v.20200518
Sun Nov  7 19:13:22 2021: Launching lsa v.20200517
Sun Nov  7 19:13:22 2021: Launching macaddr v.20200515
Sun Nov  7 19:13:22 2021: Launching mountdev v.20200517
Sun Nov  7 19:13:22 2021: Launching mountdev2 v.20200517
Sun Nov  7 19:13:22 2021: Launching netlogon v.20200515
Sun Nov  7 19:13:22 2021: Launching networksetup2 v.20191004
Sun Nov  7 19:13:22 2021: Launching nic2 v.20200525
Sun Nov  7 19:13:22 2021: Launching ntds v.20200427
Sun Nov  7 19:13:22 2021: Launching pagefile v.20140505
Sun Nov  7 19:13:22 2021: Launching pending v.20130711
Sun Nov  7 19:13:22 2021: Launching PortProxy v.20210622
Sun Nov  7 19:13:22 2021: Launching prefetch v.20200515
Sun Nov  7 19:13:22 2021: Error in prefetch: Can't call method "get_data" on an undefined value at C:\Users\ljram\Desktop\reg\RegRipper3.0-master/plugins\prefetch.pl line 58.

Sun Nov  7 19:13:22 2021: Launching printmon v.20200427
Sun Nov  7 19:13:22 2021: Launching processor_architecture v.20140505
Sun Nov  7 19:13:22 2021: Launching profiler v.20200525
Sun Nov  7 19:13:22 2021: Launching rdpport v.20200526
Sun Nov  7 19:13:22 2021: Launching remoteaccess v.20200517
Sun Nov  7 19:13:22 2021: Launching routes v.20200526
Sun Nov  7 19:13:22 2021: Launching securityproviders v.20200526
Sun Nov  7 19:13:22 2021: Launching services v.20191024
Sun Nov  7 19:13:23 2021: Launching shares v.20200525
Sun Nov  7 19:13:23 2021: Launching shimcache v.20200428
Sun Nov  7 19:13:23 2021: Launching shutdown v.20200518
Sun Nov  7 19:13:23 2021: Launching source_os v.20200511
Sun Nov  7 19:13:23 2021: Launching svc v.20200525
Sun Nov  7 19:13:24 2021: Launching svcdll v.20200525
Sun Nov  7 19:13:24 2021: Launching termcert v.20200526
Sun Nov  7 19:13:24 2021: Launching termserv v.20200506
Sun Nov  7 19:13:24 2021: Launching timezone v.20200518
Sun Nov  7 19:13:24 2021: Launching usb v.20200515
Sun Nov  7 19:13:24 2021: Launching usbdevices v.20200525
Sun Nov  7 19:13:24 2021: Launching usbstor v.20200515
Sun Nov  7 19:13:24 2021: Launching wpdbusenum v.20200515
